<?xml version="1.0" encoding="UTF-8"?>
<!-- Generated by org.testng.reporters.JUnitReportReporter -->
<testsuite skipped="0" hostname="LAPTOP-CSF2BJOF" name="SprintImplimetation.SmokeTest" tests="1" failures="0" timestamp="27 Apr 2019 05:25:38 GMT" time="10.003" errors="0">
  <testcase name="smokeTest" time="10.003" classname="SprintImplimetation.SmokeTest"/>
</testsuite> <!-- SprintImplimetation.SmokeTest -->
